<?xml version="1.0" encoding="UTF-8"?>
<!-- Generated by org.testng.reporters.JUnitXMLReporter -->
<testsuite ignored="0" hostname="LIN51015391" failures="1" tests="6" name="Surefire test" time="55.41" errors="0" timestamp="01 Apr 2024 16:01:01 GMT">
  <testcase classname="mylearnings.tests.EndToEndTest" name="placeOrder" time="4.893"/>
  <testcase classname="mylearnings.tests.EndToEndTest" name="placeOrder" time="4.901"/>
  <testcase classname="mylearnings.tests.EndToEndTest" name="verifyOrderedProduct" time="1.622"/>
  <testcase classname="mylearnings.tests.EndToEndTest" name="verifyOrderedProduct" time="1.55"/>
  <testcase classname="mylearnings.tests.ErrorValidationTest" name="ProductErrorValidation" time="1.133"/>
  <testcase classname="mylearnings.tests.ErrorValidationTest" name="loginErrorValidationTest" time="0.831">
    <failure type="java.lang.AssertionError" message="expected [Incorrect password.] but found [Incorrect email or password.]">
      <![CDATA[java.lang.AssertionError: expected [Incorrect password.] but found [Incorrect email or password.]
at mylearnings.tests.ErrorValidationTest.loginErrorValidationTest(ErrorValidationTest.java:24)
... Removed 36 stack frames]]>
    </failure>
  </testcase> <!-- loginErrorValidationTest -->
</testsuite> <!-- Surefire test -->
